2020-06-21T21:45:32.018Z error uncaughtException: ENOENT: no such file or directory, open 'media/avatar/root.gif'
Error: ENOENT: no such file or directory, open 'media/avatar/root.gif' 
2020-06-23T13:27:53.157Z error uncaughtException: Unknown type "Permissions". Did you mean "Permission" or "Session"?
Error: Unknown type "Permissions". Did you mean "Permission" or "Session"?
    at assertValidSDL (/home/cincarnato/code/core/scaffold/apps/api/node_modules/graphql/validation/validate.js:108:11)
    at Object.buildASTSchema (/home/cincarnato/code/core/scaffold/apps/api/node_modules/graphql/utilities/buildASTSchema.js:71:34)
    at Object.buildSchemaFromTypeDefinitions (/home/cincarnato/code/core/scaffold/apps/api/node_modules/graphql-tools/src/generate/buildSchemaFromTypeDefinitions.ts:45:32)
    at Object.makeExecutableSchema (/home/cincarnato/code/core/scaffold/apps/api/node_modules/graphql-tools/src/makeExecutableSchema.ts:52:16)
    at ApolloServer.initSchema (/home/cincarnato/code/core/scaffold/apps/api/node_modules/apollo-server-core/src/ApolloServer.ts:503:27)
    at new ApolloServerBase (/home/cincarnato/code/core/scaffold/apps/api/node_modules/apollo-server-core/src/ApolloServer.ts:366:26)
    at new ApolloServer (/home/cincarnato/code/core/scaffold/apps/api/node_modules/apollo-server-express/src/ApolloServer.ts:88:5)
    at Object.<anonymous> (/home/cincarnato/code/core/scaffold/apps/api/src/index.js:24:22)
    at Module._compile (internal/modules/cjs/loader.js:1158:30)
    at Module._compile (/home/cincarnato/code/core/scaffold/apps/api/node_modules/pirates/lib/index.js:99:24)
    at Module._extensions..js (internal/modules/cjs/loader.js:1178:10)
    at Object.newLoader [as .js] (/home/cincarnato/code/core/scaffold/apps/api/node_modules/pirates/lib/index.js:104:7)
    at Module.load (internal/modules/cjs/loader.js:1002:32)
    at Function.Module._load (internal/modules/cjs/loader.js:901:14)
    at Function.executeUserEntryPoint [as runMain] (internal/modules/run_main.js:74:12)
    at Object.<anonymous> (/home/cincarnato/code/core/scaffold/apps/api/node_modules/@babel/node/lib/_babel-node.js:180:21)
    at Module._compile (internal/modules/cjs/loader.js:1158:30)
    at Object.Module._extensions..js (internal/modules/cjs/loader.js:1178:10)
    at Module.load (internal/modules/cjs/loader.js:1002:32)
    at Function.Module._load (internal/modules/cjs/loader.js:901:14)
    at Function.executeUserEntryPoint [as runMain] (internal/modules/run_main.js:74:12)
    at internal/main/run_main_module.js:18:47 
