2020-06-21T05:51:26.417Z error GQLERROR USER:anonymous OP: CODE: UNAUTHENTICATED  MSG: BadCredentials 
2020-06-21T05:53:31.656Z error GQLERROR USER:anonymous OP: CODE: UNAUTHENTICATED  MSG: BadCredentials 
2020-06-21T05:53:53.949Z error GQLERROR USER:anonymous OP: CODE: UNAUTHENTICATED  MSG: BadCredentials 
2020-06-21T05:54:22.739Z error GQLERROR USER:anonymous OP:paginateUsers CODE: FORBIDDEN  MSG: Not Authorized 
2020-06-21T05:57:36.170Z error GQLERROR USER:anonymous OP:paginateUsers CODE: FORBIDDEN  MSG: Not Authorized 
2020-06-21T06:10:32.584Z error GQLERROR USER:anonymous OP:paginateUsers CODE: FORBIDDEN  MSG: Not Authorized 
2020-06-21T06:11:04.811Z error GQLERROR USER:anonymous OP:paginateUsers CODE: FORBIDDEN  MSG: Not Authorized 
2020-06-21T06:11:47.787Z error GQLERROR USER:anonymous OP:paginateUsers CODE: FORBIDDEN  MSG: Not Authorized 
2020-06-21T06:12:54.038Z error GQLERROR USER:anonymous OP:paginateUsers CODE: FORBIDDEN  MSG: Not Authorized 
2020-06-21T21:45:32.020Z error GQLERROR USER:undefined OP:undefined CODE: undefined  MSG: undefined 
2020-06-21T21:58:56.166Z error GQLERROR USER:root OP:createUser CODE: BAD_USER_INPUT  MSG: User validation failed: username: lincarnato ya existe. username debe ser unico., email: lucian.incarnato@gmail.com ya existe. email debe ser unico. 
2020-06-21T21:59:44.257Z error GQLERROR USER:root OP:createUser CODE: BAD_USER_INPUT  MSG: User validation failed: username: lincarnato ya existe. username debe ser unico., email: lucian.incarnato@gmail.com ya existe. email debe ser unico. 
2020-06-22T00:12:32.952Z error GQLERROR USER:root OP:createUser CODE: BAD_USER_INPUT  MSG: User validation failed: username: lincarnato ya existe. username debe ser unico., email: lucian.incarnato@gmail.com ya existe. email debe ser unico. 
2020-06-22T00:18:33.764Z error GQLERROR USER:root OP:createUser CODE: BAD_USER_INPUT  MSG: User validation failed: username: lincarnato ya existe. username debe ser unico., email: lucian.incarnato@gmail.com ya existe. email debe ser unico. 
2020-06-22T00:19:26.987Z error GQLERROR USER:root OP:createUser CODE: BAD_USER_INPUT  MSG: User validation failed: email: lucian.incarnato@gmail.com ya existe. email debe ser unico., username: lincarnato ya existe. username debe ser unico. 
2020-06-22T00:21:14.506Z error GQLERROR USER:root OP:createUser CODE: BAD_USER_INPUT  MSG: User validation failed: email: lucian.incarnato@gmail.com ya existe. email debe ser unico., username: lincarnato ya existe. username debe ser unico. 
2020-06-22T03:33:08.782Z error GQLERROR USER:root OP:createUser CODE: BAD_USER_INPUT  MSG: User validation failed: email: El email no tiene un formato valido, username: lincarnato ya existe. username debe ser unico. 
2020-06-22T03:33:50.883Z error GQLERROR USER:root OP:createUser CODE: BAD_USER_INPUT  MSG: User validation failed: email: El email no tiene un formato valido, username: lincarnato ya existe. username debe ser unico. 
2020-06-22T03:33:58.030Z error GQLERROR USER:root OP:createUser CODE: BAD_USER_INPUT  MSG: User validation failed: email: El email no tiene un formato valido, username: lincarnato ya existe. username debe ser unico. 
2020-06-22T03:34:59.798Z error GQLERROR USER:root OP:createUser CODE: BAD_USER_INPUT  MSG: User validation failed: email: El email no tiene un formato valido, username: lincarnato ya existe. username debe ser unico. 
2020-06-22T03:35:46.088Z error GQLERROR USER:root OP:roleCreate CODE:   MSG: E11000 duplicate key error collection: skeleton.roles index: name_1 dup key: { : "operator" } 
2020-06-22T03:35:49.469Z error GQLERROR USER:root OP:roleCreate CODE:   MSG: E11000 duplicate key error collection: skeleton.roles index: name_1 dup key: { : "operator" } 
2020-06-22T10:28:02.507Z error GQLERROR USER:root OP:groupCreate CODE: BAD_USER_INPUT  MSG: Group validation failed: name: validation.unique 
2020-06-22T10:52:02.454Z error GQLERROR USER:root OP:groupCreate CODE: BAD_USER_INPUT  MSG: Group validation failed: name: validation.unique 
2020-06-22T10:53:06.274Z error GQLERROR USER:root OP:groupCreate CODE: BAD_USER_INPUT  MSG: Group validation failed: name: validation.unique 
2020-06-22T10:53:41.421Z error GQLERROR USER:root OP:roleCreate CODE:   MSG: E11000 duplicate key error collection: skeleton.roles index: name_1 dup key: { : "admin" } 
2020-06-22T10:54:17.802Z error GQLERROR USER:root OP:roleCreate CODE:   MSG: E11000 duplicate key error collection: skeleton.roles index: name_1 dup key: { : "admin" } 
2020-06-22T18:00:10.071Z error GQLERROR USER:anonymous OP: CODE: UNAUTHENTICATED  MSG: BadCredentials 
2020-06-22T18:13:50.281Z error GQLERROR USER:root OP:createUser CODE: BAD_USER_INPUT  MSG: User validation failed: username: validation.unique 
2020-06-22T18:14:05.532Z error GQLERROR USER:root OP:createUser CODE: BAD_USER_INPUT  MSG: User validation failed: email: validation.unique 
2020-06-22T18:14:27.296Z error GQLERROR USER:root OP:UserUpdate CODE: BAD_USER_INPUT  MSG: Validation failed: username: validation.unique 
2020-06-22T18:14:42.723Z error GQLERROR USER:root OP:groupUpdate CODE: BAD_USER_INPUT  MSG: Validation failed: name: validation.unique 
2020-06-22T18:14:47.162Z error GQLERROR USER:root OP:groupCreate CODE: BAD_USER_INPUT  MSG: Group validation failed: name: validation.unique 
2020-06-22T18:15:09.951Z error GQLERROR USER:root OP:roleCreate CODE:   MSG: Role validation failed: name: validation.unique 
2020-06-22T18:15:35.623Z error GQLERROR USER:root OP:roleCreate CODE:   MSG: Role validation failed: name: validation.unique 
2020-06-22T18:17:06.763Z error GQLERROR USER:root OP:roleUpdate CODE: BAD_USER_INPUT  MSG: Validation failed: name: validation.unique 
2020-06-22T18:18:35.880Z error GQLERROR USER:root OP:roleCreate CODE:   MSG: Role validation failed: name: validation.unique 
2020-06-22T18:19:43.536Z error GQLERROR USER:root OP:roleUpdate CODE: BAD_USER_INPUT  MSG: Validation failed: name: validation.unique 
2020-06-22T18:29:23.504Z error GQLERROR USER:lincarnato OP: CODE:   MSG: Variable "$currentPassword" got invalid value { id: null, currentPassword: "123", newPassword: "333", passwordVerify: "333" }; Expected type String. String cannot represent a non string value: { id: null, currentPassword: "123", newPassword: "333", passwordVerify: "333" } 
2020-06-22T18:29:23.505Z error GQLERROR USER:lincarnato OP: CODE:   MSG: Variable "$newPassword" of required type "String!" was not provided. 
2020-06-22T18:29:28.240Z error GQLERROR USER:lincarnato OP: CODE:   MSG: Variable "$currentPassword" got invalid value { id: null, currentPassword: "123", newPassword: "333", passwordVerify: "333" }; Expected type String. String cannot represent a non string value: { id: null, currentPassword: "123", newPassword: "333", passwordVerify: "333" } 
2020-06-22T18:29:28.242Z error GQLERROR USER:lincarnato OP: CODE:   MSG: Variable "$newPassword" of required type "String!" was not provided. 
2020-06-22T18:31:07.045Z error GQLERROR USER:anonymous OP: CODE: UNAUTHENTICATED  MSG: BadCredentials 
2020-06-22T18:38:03.207Z error GQLERROR USER:lincarnato OP: CODE:   MSG: Variable "$currentPassword" got invalid value { id: null, currentPassword: "1", newPassword: "333", passwordVerify: "333" }; Expected type String. String cannot represent a non string value: { id: null, currentPassword: "1", newPassword: "333", passwordVerify: "333" } 
2020-06-22T18:38:03.207Z error GQLERROR USER:lincarnato OP: CODE:   MSG: Variable "$newPassword" of required type "String!" was not provided. 
2020-06-22T18:38:07.634Z error GQLERROR USER:lincarnato OP: CODE:   MSG: Variable "$currentPassword" got invalid value { id: null, currentPassword: "1", newPassword: "333", passwordVerify: "333" }; Expected type String. String cannot represent a non string value: { id: null, currentPassword: "1", newPassword: "333", passwordVerify: "333" } 
2020-06-22T18:38:07.636Z error GQLERROR USER:lincarnato OP: CODE:   MSG: Variable "$newPassword" of required type "String!" was not provided. 
2020-06-22T19:17:58.921Z error GQLERROR USER:root OP: CODE: BAD_USER_INPUT  MSG: auth.wrongPassword 
2020-06-22T19:18:35.997Z error GQLERROR USER:lincarnato OP: CODE: BAD_USER_INPUT  MSG: auth.wrongPassword 
2020-06-22T19:22:30.723Z error GQLERROR USER:lincarnato OP: CODE: BAD_USER_INPUT  MSG: auth.wrongPassword 
2020-06-22T20:33:05.769Z error GQLERROR USER:root OP: CODE: BAD_USER_INPUT  MSG: auth.wrongPassword 
2020-06-22T20:33:24.506Z error GQLERROR USER:root OP: CODE: BAD_USER_INPUT  MSG: auth.wrongPassword 
2020-06-22T20:57:37.131Z error GQLERROR USER:lincarnato OP: CODE: BAD_USER_INPUT  MSG: auth.wrongPassword 
2020-06-22T20:58:23.749Z error GQLERROR USER:lincarnato OP: CODE: BAD_USER_INPUT  MSG: auth.wrongPassword 
2020-06-22T22:12:32.622Z error GQLERROR USER:root OP:groupUpdate CODE: BAD_USER_INPUT  MSG: Validation failed: name: validation.unique 
2020-06-23T12:44:24.399Z error GQLERROR USER:root OP:colorsUpdate CODE: FORBIDDEN  MSG: Not Authorized 
2020-06-23T13:21:17.743Z error GQLERROR USER:anonymous OP: CODE:   MSG: Field "permissions" of type "Permissions" must have a selection of subfields. Did you mean "permissions { ... }"? 
2020-06-23T13:21:27.545Z error GQLERROR USER:anonymous OP: CODE: UNAUTHENTICATED  MSG: Unauthenticated 
2020-06-23T13:23:23.372Z error GQLERROR USER:anonymous OP: CODE: UNAUTHENTICATED  MSG: Unauthenticated 
2020-06-23T13:23:24.711Z error GQLERROR USER:anonymous OP: CODE: UNAUTHENTICATED  MSG: Unauthenticated 
2020-06-23T13:23:28.861Z error GQLERROR USER:anonymous OP: CODE: UNAUTHENTICATED  MSG: Unauthenticated 
2020-06-23T13:23:43.096Z error GQLERROR USER:anonymous OP: CODE: UNAUTHENTICATED  MSG: Unauthenticated 
2020-06-23T13:23:47.205Z error GQLERROR USER:anonymous OP: CODE: UNAUTHENTICATED  MSG: Unauthenticated 
2020-06-23T13:23:55.085Z error GQLERROR USER:anonymous OP: CODE: UNAUTHENTICATED  MSG: Unauthenticated 
2020-06-23T13:24:05.993Z error GQLERROR USER:anonymous OP: CODE: UNAUTHENTICATED  MSG: Unauthenticated 
2020-06-23T13:27:09.670Z error GQLERROR USER:root OP: CODE:   MSG: Cannot query field "permissions" on type "Permission". Did you mean "permission"? 
2020-06-23T13:27:53.159Z error GQLERROR USER:undefined OP:undefined CODE: undefined  MSG: undefined 
2020-06-23T21:27:49.933Z error GQLERROR USER:anonymous OP: CODE:   MSG: Cannot query field "recoveryByEmail" on type "Mutation". Did you mean "recoveryPassword"? 
2020-06-24T21:09:33.664Z error GQLERROR USER:anonymous OP: CODE:   MSG: Unexpected error value: { status: false, message: "No se encontro el usuario" } 
2020-06-24T21:09:35.028Z error GQLERROR USER:anonymous OP: CODE:   MSG: Unexpected error value: { status: false, message: "No se encontro el usuario" } 
2020-06-24T21:09:35.179Z error GQLERROR USER:anonymous OP: CODE:   MSG: Unexpected error value: { status: false, message: "No se encontro el usuario" } 
2020-06-24T21:09:45.077Z error GQLERROR USER:anonymous OP: CODE:   MSG: Unexpected error value: { status: false, message: "No se encontro el usuario" } 
2020-06-24T21:31:26.657Z error GQLERROR USER:anonymous OP: CODE:   MSG: Cannot query field "recoveryChangePassword" on type "Mutation". Did you mean "changePassword" or "changeRecoveryPassword"? 
2020-06-24T21:40:43.430Z error GQLERROR USER:anonymous OP: CODE: UNAUTHENTICATED  MSG: Usuario no autenticado 
2020-06-24T21:43:23.648Z error GQLERROR USER:anonymous OP: CODE: UNAUTHENTICATED  MSG: Usuario no autenticado 
2020-06-25T02:40:03.917Z error GQLERROR USER:anonymous OP:paginateUsers CODE: FORBIDDEN  MSG: Not Authorized 
2020-06-25T02:55:29.590Z error GQLERROR USER:lincarnato OP:activationUser CODE:   MSG: Unexpected error value: { status: false, message: "Error al activar el usuario" } 
2020-06-25T02:55:42.577Z error GQLERROR USER:lincarnato OP:activationUser CODE:   MSG: Unexpected error value: { status: false, message: "Error al activar el usuario" } 
2020-06-26T14:57:25.889Z error GQLERROR USER:anonymous OP:validateToken CODE:   MSG: Cannot return null for non-nullable field ValidateTokenResponse.operation. 
2020-06-26T15:03:01.088Z error GQLERROR USER:anonymous OP: CODE:   MSG: Variable "$token" of required type "String!" was not provided. 
2020-06-26T15:05:11.130Z error GQLERROR USER:anonymous OP: CODE:   MSG: Variable "$token" of required type "String!" was not provided. 
2020-06-26T15:06:47.780Z error GQLERROR USER:anonymous OP: CODE:   MSG: Variable "$token" of required type "String!" was not provided. 
2020-06-26T15:07:23.254Z error GQLERROR USER:anonymous OP: CODE:   MSG: Variable "$token" of required type "String!" was not provided. 
2020-06-26T15:08:35.550Z error GQLERROR USER:anonymous OP: CODE:   MSG: Cannot read property 'id' of null 
2020-06-26T15:09:34.959Z error GQLERROR USER:anonymous OP: CODE:   MSG: Cannot read property 'id' of null 
2020-06-26T15:11:44.151Z error GQLERROR USER:anonymous OP: CODE:   MSG: Cannot read property 'id' of null 
2020-06-26T15:19:30.209Z error GQLERROR USER:anonymous OP: CODE: UNAUTHENTICATED  MSG: BadCredentials 
2020-06-28T23:52:33.212Z error GQLERROR USER:root OP:groupsPaginate CODE:   MSG: Variable "$limit" of required type "Int!" was not provided. 
2020-06-28T23:52:37.425Z error GQLERROR USER:root OP:groupsPaginate CODE:   MSG: Variable "$limit" of required type "Int!" was not provided. 
2020-06-28T23:52:39.151Z error GQLERROR USER:root OP:groupsPaginate CODE:   MSG: Variable "$limit" of required type "Int!" was not provided. 
2020-06-28T23:52:41.348Z error GQLERROR USER:root OP:groupsPaginate CODE:   MSG: Variable "$limit" of required type "Int!" was not provided. 
2020-06-28T23:52:41.691Z error GQLERROR USER:root OP:groupsPaginate CODE:   MSG: Variable "$limit" of required type "Int!" was not provided. 
2020-06-28T23:52:42.571Z error GQLERROR USER:root OP:groupsPaginate CODE:   MSG: Variable "$limit" of required type "Int!" was not provided. 
2020-06-28T23:52:43.381Z error GQLERROR USER:root OP:groupsPaginate CODE:   MSG: Variable "$limit" of required type "Int!" was not provided. 
2020-06-28T23:52:43.626Z error GQLERROR USER:root OP:groupsPaginate CODE:   MSG: Variable "$limit" of required type "Int!" was not provided. 
2020-06-28T23:52:43.822Z error GQLERROR USER:root OP:groupsPaginate CODE:   MSG: Variable "$limit" of required type "Int!" was not provided. 
2020-06-28T23:53:12.214Z error GQLERROR USER:root OP:groupsPaginate CODE:   MSG: Variable "$limit" of required type "Int!" was not provided. 
2020-06-28T23:53:13.497Z error GQLERROR USER:root OP:groupsPaginate CODE:   MSG: Variable "$limit" of required type "Int!" was not provided. 
2020-06-28T23:53:33.881Z error GQLERROR USER:root OP:groupsPaginate CODE:   MSG: Variable "$limit" of required type "Int!" was not provided. 
2020-06-28T23:53:43.046Z error GQLERROR USER:root OP:groupsPaginate CODE:   MSG: Variable "$limit" of required type "Int!" was not provided. 
2020-06-29T00:32:54.878Z error GQLERROR USER:root OP:groupsPaginate CODE:   MSG: Variable "$limit" of required type "Int!" was not provided. 
2020-06-29T02:53:23.793Z error GQLERROR USER:root OP: CODE:   MSG: Cannot query field "success" on type "OperationResponse". 
2020-06-29T02:55:20.832Z error GQLERROR USER:root OP: CODE:   MSG: Cannot query field "success" on type "OperationResponse". 
2020-06-29T03:00:46.329Z error GQLERROR USER:root OP: CODE:   MSG: Cannot query field "success" on type "OperationResponse". 
2020-06-29T03:00:56.892Z error GQLERROR USER:root OP: CODE:   MSG: Cannot query field "success" on type "OperationResponse". 
2020-06-29T03:12:31.737Z error GQLERROR USER:root OP: CODE: BAD_USER_INPUT  MSG: auth.wrongPassword 
2020-06-29T03:19:45.296Z error GQLERROR USER:anonymous OP:register CODE: BAD_USER_INPUT  MSG: User validation failed: username: validation.unique, email: validation.unique 
2020-06-29T03:28:46.116Z error GQLERROR USER:cincarnato OP: CODE: BAD_USER_INPUT  MSG: auth.wrongPassword 
2020-06-29T03:34:33.910Z error GQLERROR USER:cincarnato OP: CODE: BAD_USER_INPUT  MSG: auth.wrongPassword 
