2020-06-26T17:56:28.006Z info REQUEST GET     IP:::1             USER:anonymous       OP:-               DST:localhost/ 
2020-06-26T17:56:28.046Z info REQUEST GET     IP:::1             USER:anonymous       OP:-               DST:localhost/css/chunk-vendors.7a302b74.css 
2020-06-26T17:56:28.063Z info REQUEST GET     IP:::1             USER:anonymous       OP:-               DST:localhost/js/app.7fb4ff91.js 
2020-06-26T17:56:28.068Z info REQUEST GET     IP:::1             USER:anonymous       OP:-               DST:localhost/js/chunk-vendors.3e064d9f.js 
2020-06-26T17:56:28.355Z info REQUEST POST    IP:::1             USER:anonymous       OP:customization   DST:localhost/graphql/ 
2020-06-26T17:56:28.464Z info REQUEST GET     IP:::1             USER:anonymous       OP:-               DST:localhost/media/logo/VladDracula.jpg?MLn 
2020-06-26T17:56:31.306Z info REQUEST GET     IP:::1             USER:anonymous       OP:-               DST:localhost/css/chunk-vendors.7a302b74.css 
2020-06-26T17:56:31.364Z info REQUEST GET     IP:::1             USER:anonymous       OP:-               DST:localhost/js/chunk-vendors.3e064d9f.js.map 
2020-06-26T17:56:31.365Z info REQUEST GET     IP:::1             USER:anonymous       OP:-               DST:localhost/js/app.7fb4ff91.js.map 
2020-06-26T17:56:39.117Z info REQUEST POST    IP:::1             USER:anonymous       OP:-               DST:localhost/graphql/ 
2020-06-26T17:56:39.490Z info REQUEST GET     IP:::1             USER:anonymous       OP:-               DST:localhost/media/avatar/root.jpg?DL6 
2020-06-26T17:56:48.690Z info REQUEST GET     IP:::1             USER:anonymous       OP:-               DST:localhost/media/avatar/root.jpg?DL6 
2020-06-26T17:56:52.443Z info REQUEST POST    IP:::1             USER:root            OP:-               DST:localhost/graphql/ 
2020-06-26T17:56:52.516Z info REQUEST GET     IP:::1             USER:anonymous       OP:-               DST:localhost/media/avatar/root.jpg?lps 
2020-06-26T17:57:00.856Z info REQUEST POST    IP:::1             USER:root            OP:-               DST:localhost/graphql/ 
2020-06-26T17:57:14.005Z info REQUEST GET     IP:::1             USER:anonymous       OP:-               DST:localhost/user-dashboard 
2020-06-26T17:57:17.180Z info REQUEST GET     IP:::1             USER:anonymous       OP:-               DST:localhost/user-dashboard 
2020-06-26T17:57:22.790Z info REQUEST GET     IP:::1             USER:anonymous       OP:-               DST:localhost/ 
2020-06-26T17:57:22.824Z info REQUEST GET     IP:::1             USER:anonymous       OP:-               DST:localhost/css/chunk-vendors.7a302b74.css 
2020-06-26T17:57:22.830Z info REQUEST GET     IP:::1             USER:anonymous       OP:-               DST:localhost/js/app.7fb4ff91.js 
2020-06-26T17:57:22.840Z info REQUEST GET     IP:::1             USER:anonymous       OP:-               DST:localhost/js/chunk-vendors.3e064d9f.js 
2020-06-26T17:57:23.165Z info REQUEST POST    IP:::1             USER:root            OP:customization   DST:localhost/graphql/ 
2020-06-26T17:57:23.240Z info REQUEST GET     IP:::1             USER:anonymous       OP:-               DST:localhost/media/logo/VladDracula.jpg?MLn 
2020-06-26T17:57:23.242Z info REQUEST GET     IP:::1             USER:anonymous       OP:-               DST:localhost/media/avatar/root.jpg?lps 
2020-06-26T17:57:23.251Z info REQUEST GET     IP:::1             USER:anonymous       OP:-               DST:localhost/js/chunk-vendors.3e064d9f.js.map 
2020-06-26T17:57:23.252Z info REQUEST GET     IP:::1             USER:anonymous       OP:-               DST:localhost/js/app.7fb4ff91.js.map 
2020-06-26T20:02:18.573Z info REQUEST GET     IP:::1             USER:anonymous       OP:-               DST:localhost/ 
2020-06-26T20:02:18.638Z info REQUEST GET     IP:::1             USER:anonymous       OP:-               DST:localhost/css/chunk-vendors.7a302b74.css 
2020-06-26T20:02:18.648Z info REQUEST GET     IP:::1             USER:anonymous       OP:-               DST:localhost/js/app.7fb4ff91.js 
2020-06-26T20:02:18.652Z info REQUEST GET     IP:::1             USER:anonymous       OP:-               DST:localhost/js/chunk-vendors.3e064d9f.js 
2020-06-26T20:02:19.105Z info REQUEST POST    IP:::1             USER:root            OP:customization   DST:localhost/graphql/ 
2020-06-26T20:02:19.182Z info REQUEST GET     IP:::1             USER:anonymous       OP:-               DST:localhost/media/avatar/root.jpg?lps 
2020-06-26T20:02:19.196Z info REQUEST GET     IP:::1             USER:anonymous       OP:-               DST:localhost/media/logo/VladDracula.jpg?MLn 
2020-06-26T20:02:19.213Z info REQUEST GET     IP:::1             USER:anonymous       OP:-               DST:localhost/js/chunk-vendors.3e064d9f.js.map 
2020-06-26T20:02:19.216Z info REQUEST GET     IP:::1             USER:anonymous       OP:-               DST:localhost/js/app.7fb4ff91.js.map 
2020-06-26T20:02:23.193Z info REQUEST GET     IP:::1             USER:anonymous       OP:-               DST:localhost/me 
2020-06-26T20:02:44.076Z info REQUEST GET     IP:::1             USER:anonymous       OP:-               DST:localhost/me 
2020-06-26T20:02:45.643Z info REQUEST GET     IP:::1             USER:anonymous       OP:-               DST:localhost/me 
2020-06-26T20:23:05.998Z info REQUEST GET     IP:::1             USER:anonymous       OP:-               DST:localhost/me 
2020-06-26T20:27:09.952Z info REQUEST GET     IP:::1             USER:anonymous       OP:-               DST:localhost/me 
2020-06-26T20:27:55.910Z info REQUEST GET     IP:::1             USER:anonymous       OP:-               DST:localhost/me 
2020-06-26T20:28:58.464Z info REQUEST GET     IP:::1             USER:anonymous       OP:-               DST:localhost/me 
2020-06-26T20:28:58.515Z info REQUEST GET     IP:::1             USER:anonymous       OP:-               DST:localhost/js/chunk-vendors.3e064d9f.js 
2020-06-26T20:28:58.524Z info REQUEST GET     IP:::1             USER:anonymous       OP:-               DST:localhost/css/chunk-vendors.7a302b74.css 
2020-06-26T20:28:58.527Z info REQUEST GET     IP:::1             USER:anonymous       OP:-               DST:localhost/js/app.7fb4ff91.js 
2020-06-26T20:28:58.962Z info REQUEST POST    IP:::1             USER:root            OP:customization   DST:localhost/graphql/ 
2020-06-26T20:28:59.083Z info REQUEST GET     IP:::1             USER:anonymous       OP:-               DST:localhost/media/logo/VladDracula.jpg?MLn 
2020-06-26T20:28:59.085Z info REQUEST GET     IP:::1             USER:anonymous       OP:-               DST:localhost/media/avatar/root.jpg?lps 
2020-06-26T20:28:59.104Z info REQUEST GET     IP:::1             USER:anonymous       OP:-               DST:localhost/js/chunk-vendors.3e064d9f.js.map 
2020-06-26T20:28:59.106Z info REQUEST GET     IP:::1             USER:anonymous       OP:-               DST:localhost/js/app.7fb4ff91.js.map 
2020-06-26T20:29:07.040Z info REQUEST POST    IP:::1             USER:root            OP:-               DST:localhost/graphql/ 
2020-06-26T20:29:13.364Z info REQUEST GET     IP:::1             USER:anonymous       OP:-               DST:localhost/user-dashboard 
2020-06-26T20:29:13.450Z info REQUEST GET     IP:::1             USER:anonymous       OP:-               DST:localhost/css/chunk-vendors.7a302b74.css 
2020-06-26T20:29:13.466Z info REQUEST GET     IP:::1             USER:anonymous       OP:-               DST:localhost/js/app.7fb4ff91.js 
2020-06-26T20:29:13.469Z info REQUEST GET     IP:::1             USER:anonymous       OP:-               DST:localhost/js/chunk-vendors.3e064d9f.js 
2020-06-26T20:29:13.786Z info REQUEST POST    IP:::1             USER:root            OP:customization   DST:localhost/graphql/ 
2020-06-26T20:29:13.857Z info REQUEST GET     IP:::1             USER:anonymous       OP:-               DST:localhost/media/avatar/root.jpg?lps 
2020-06-26T20:29:13.871Z info REQUEST POST    IP:::1             USER:root            OP:-               DST:localhost/graphql/ 
2020-06-26T20:29:14.023Z info REQUEST GET     IP:::1             USER:anonymous       OP:-               DST:localhost/media/logo/VladDracula.jpg?MLn 
2020-06-26T20:29:14.089Z info REQUEST GET     IP:::1             USER:anonymous       OP:-               DST:localhost/js/chunk-vendors.3e064d9f.js.map 
2020-06-26T20:29:14.091Z info REQUEST GET     IP:::1             USER:anonymous       OP:-               DST:localhost/js/app.7fb4ff91.js.map 
2020-06-26T20:40:06.045Z info REQUEST GET     IP:::1             USER:anonymous       OP:-               DST:localhost/css/chunk-vendors.7a302b74.css 
2020-06-26T20:40:06.093Z info REQUEST GET     IP:::1             USER:anonymous       OP:-               DST:localhost/js/chunk-vendors.3e064d9f.js.map 
2020-06-26T20:40:06.094Z info REQUEST GET     IP:::1             USER:anonymous       OP:-               DST:localhost/js/app.7fb4ff91.js.map 
2020-06-26T20:40:38.464Z info REQUEST GET     IP:::1             USER:anonymous       OP:-               DST:localhost/ 
2020-06-26T20:40:38.511Z info REQUEST GET     IP:::1             USER:anonymous       OP:-               DST:localhost/css/chunk-vendors.7a302b74.css 
2020-06-26T20:40:38.520Z info REQUEST GET     IP:::1             USER:anonymous       OP:-               DST:localhost/js/app.7fb4ff91.js 
2020-06-26T20:40:38.521Z info REQUEST GET     IP:::1             USER:anonymous       OP:-               DST:localhost/js/chunk-vendors.3e064d9f.js 
2020-06-26T20:40:38.915Z info REQUEST POST    IP:::1             USER:root            OP:customization   DST:localhost/graphql/ 
2020-06-26T20:40:38.983Z info REQUEST GET     IP:::1             USER:anonymous       OP:-               DST:localhost/media/avatar/root.jpg?lps 
2020-06-26T20:40:38.995Z info REQUEST GET     IP:::1             USER:anonymous       OP:-               DST:localhost/media/logo/VladDracula.jpg?MLn 
2020-06-26T20:40:39.010Z info REQUEST GET     IP:::1             USER:anonymous       OP:-               DST:localhost/js/chunk-vendors.3e064d9f.js.map 
2020-06-26T20:40:39.012Z info REQUEST GET     IP:::1             USER:anonymous       OP:-               DST:localhost/js/app.7fb4ff91.js.map 
2020-06-26T20:40:39.062Z info REQUEST GET     IP:::1             USER:anonymous       OP:-               DST:localhost/img/logo.82b9c7a5.png 
